<?xml version="1.0" encoding="UTF-8"?>
<!-- Generated by org.testng.reporters.JUnitReportReporter -->
<testsuite skipped="0" hostname="ROOPA_TM" name="com.app.LoginTest.LoginPageTest" tests="4" failures="0" timestamp="21 Jan 2023 08:38:26 GMT" time="20.597" errors="0">
  <testcase name="testLoginPage" time="4.489" classname="com.app.LoginTest.LoginPageTest"/>
  <testcase name="testLoginPage" time="6.596" classname="com.app.LoginTest.LoginPageTest"/>
  <testcase name="testLoginPage" time="4.736" classname="com.app.LoginTest.LoginPageTest"/>
  <testcase name="testLoginPage" time="4.776" classname="com.app.LoginTest.LoginPageTest"/>
</testsuite> <!-- com.app.LoginTest.LoginPageTest -->
