<?xml version="1.0" encoding="UTF-8"?>
<!-- Generated by org.testng.reporters.JUnitReportReporter -->
<testsuite skipped="0" hostname="ROOPA_TM" name="com.app.LoginTest.ValidateTabledata" tests="1" failures="0" timestamp="21 Jan 2023 15:00:32 GMT" time="6.958" errors="0">
  <testcase name="validateData" time="6.958" classname="com.app.LoginTest.ValidateTabledata"/>
</testsuite> <!-- com.app.LoginTest.ValidateTabledata -->
