<?xml version="1.0" encoding="UTF-8"?>
<!-- Generated by org.testng.reporters.JUnitReportReporter -->
<testsuite skipped="0" hostname="ROOPA_TM" name="com.app.LoginTest.validate" tests="1" failures="0" timestamp="21 Jan 2023 09:28:25 GMT" time="4.032" errors="0">
  <testcase name="test" time="4.032" classname="com.app.LoginTest.validate"/>
</testsuite> <!-- com.app.LoginTest.validate -->
