<?xml version="1.0" encoding="UTF-8"?>
<!-- Generated by org.testng.reporters.JUnitReportReporter -->
<testsuite skipped="0" hostname="ROOPA_TM" name="com.app.LoginTest.ValidateRemembercheckBox" tests="1" failures="0" timestamp="21 Jan 2023 14:12:03 GMT" time="5.951" errors="0">
  <testcase name="validateRemembermeCheckboxIsSelected" time="5.951" classname="com.app.LoginTest.ValidateRemembercheckBox"/>
</testsuite> <!-- com.app.LoginTest.ValidateRemembercheckBox -->
