<?xml version="1.0" encoding="UTF-8"?>
<!-- Generated by org.testng.reporters.JUnitReportReporter -->
<testsuite skipped="0" hostname="ROOPA_TM" name="com.app.LoginTest.ValidatedDataIsSorted" tests="1" failures="0" timestamp="21 Jan 2023 16:37:28 GMT" time="5.183" errors="0">
  <testcase name="amountData" time="5.183" classname="com.app.LoginTest.ValidatedDataIsSorted"/>
</testsuite> <!-- com.app.LoginTest.ValidatedDataIsSorted -->
